[1.686s] DEBUG:colcon:Command line arguments: ['/usr/bin/colcon', 'list', '-p', '--base-paths', '/home/gotzi/work/robcup-sensors']
[1.686s] DEBUG:colcon:Parsed command line arguments: Namespace(allow_overriding=[], base_paths=['/home/gotzi/work/robcup-sensors'], build_base='build', ignore_user_meta=False, log_base=None, log_level=None, main=<bound method ListVerb.main of <colcon_package_information.verb.list.ListVerb object at 0x7fb3b0495700>>, metas=['./colcon.meta'], names_only=False, packages_above=None, packages_above_and_dependencies=None, packages_above_depth=None, packages_end=None, packages_ignore=None, packages_ignore_regex=None, packages_select=None, packages_select_build_failed=False, packages_select_by_dep=None, packages_select_regex=None, packages_select_test_failures=False, packages_skip=None, packages_skip_build_finished=False, packages_skip_by_dep=None, packages_skip_regex=None, packages_skip_test_passed=False, packages_skip_up_to=None, packages_start=None, packages_up_to=None, packages_up_to_regex=None, paths=None, paths_only=True, topological_graph=False, topological_graph_density=False, topological_graph_dot=False, topological_graph_dot_cluster=False, topological_graph_dot_include_skipped=False, topological_graph_legend=False, topological_order=False, verb_extension=<colcon_package_information.verb.list.ListVerb object at 0x7fb3b0495700>, verb_name='list', verb_parser=<colcon_defaults.argument_parser.defaults.DefaultArgumentsDecorator object at 0x7fb3b04cd310>)
[1.768s] Level 1:colcon.colcon_core.package_discovery:discover_packages(colcon_meta) check parameters
[1.768s] Level 1:colcon.colcon_core.package_discovery:discover_packages(recursive) check parameters
[1.768s] Level 1:colcon.colcon_core.package_discovery:discover_packages(ignore) check parameters
[1.768s] Level 1:colcon.colcon_core.package_discovery:discover_packages(path) check parameters
[1.768s] Level 1:colcon.colcon_core.package_discovery:discover_packages(recursive) discover
[1.768s] INFO:colcon.colcon_core.package_discovery:Crawling recursively for packages in '/home/gotzi/work/robcup-sensors'
[1.768s] Level 1:colcon.colcon_core.package_identification:_identify(/home/gotzi/work/robcup-sensors) by extensions ['ignore', 'ignore_ament_install']
[1.768s] Level 1:colcon.colcon_core.package_identification:_identify(/home/gotzi/work/robcup-sensors) by extension 'ignore'
[1.768s] Level 1:colcon.colcon_core.package_identification:_identify(/home/gotzi/work/robcup-sensors) by extension 'ignore_ament_install'
[1.768s] Level 1:colcon.colcon_core.package_identification:_identify(/home/gotzi/work/robcup-sensors) by extensions ['colcon_pkg']
[1.768s] Level 1:colcon.colcon_core.package_identification:_identify(/home/gotzi/work/robcup-sensors) by extension 'colcon_pkg'
[1.768s] Level 1:colcon.colcon_core.package_identification:_identify(/home/gotzi/work/robcup-sensors) by extensions ['colcon_meta']
[1.769s] Level 1:colcon.colcon_core.package_identification:_identify(/home/gotzi/work/robcup-sensors) by extension 'colcon_meta'
[1.769s] Level 1:colcon.colcon_core.package_identification:_identify(/home/gotzi/work/robcup-sensors) by extensions ['ros']
[1.769s] Level 1:colcon.colcon_core.package_identification:_identify(/home/gotzi/work/robcup-sensors) by extension 'ros'
[1.777s] Level 1:colcon.colcon_core.package_identification:_identify(/home/gotzi/work/robcup-sensors) by extensions ['cmake', 'python']
[1.777s] Level 1:colcon.colcon_core.package_identification:_identify(/home/gotzi/work/robcup-sensors) by extension 'cmake'
[1.777s] Level 1:colcon.colcon_core.package_identification:_identify(/home/gotzi/work/robcup-sensors) by extension 'python'
[1.777s] Level 1:colcon.colcon_core.package_identification:_identify(/home/gotzi/work/robcup-sensors) by extensions ['python_setup_py']
[1.778s] Level 1:colcon.colcon_core.package_identification:_identify(/home/gotzi/work/robcup-sensors) by extension 'python_setup_py'
[1.778s] Level 1:colcon.colcon_core.package_identification:_identify(/home/gotzi/work/robcup-sensors/log) by extensions ['ignore', 'ignore_ament_install']
[1.778s] Level 1:colcon.colcon_core.package_identification:_identify(/home/gotzi/work/robcup-sensors/log) by extension 'ignore'
[1.778s] Level 1:colcon.colcon_core.package_identification:_identify(/home/gotzi/work/robcup-sensors/log) ignored
[1.778s] Level 1:colcon.colcon_core.package_identification:_identify(/home/gotzi/work/robcup-sensors/src) by extensions ['ignore', 'ignore_ament_install']
[1.778s] Level 1:colcon.colcon_core.package_identification:_identify(/home/gotzi/work/robcup-sensors/src) by extension 'ignore'
[1.778s] Level 1:colcon.colcon_core.package_identification:_identify(/home/gotzi/work/robcup-sensors/src) by extension 'ignore_ament_install'
[1.778s] Level 1:colcon.colcon_core.package_identification:_identify(/home/gotzi/work/robcup-sensors/src) by extensions ['colcon_pkg']
[1.778s] Level 1:colcon.colcon_core.package_identification:_identify(/home/gotzi/work/robcup-sensors/src) by extension 'colcon_pkg'
[1.778s] Level 1:colcon.colcon_core.package_identification:_identify(/home/gotzi/work/robcup-sensors/src) by extensions ['colcon_meta']
[1.778s] Level 1:colcon.colcon_core.package_identification:_identify(/home/gotzi/work/robcup-sensors/src) by extension 'colcon_meta'
[1.778s] Level 1:colcon.colcon_core.package_identification:_identify(/home/gotzi/work/robcup-sensors/src) by extensions ['ros']
[1.778s] Level 1:colcon.colcon_core.package_identification:_identify(/home/gotzi/work/robcup-sensors/src) by extension 'ros'
[1.778s] Level 1:colcon.colcon_core.package_identification:_identify(/home/gotzi/work/robcup-sensors/src) by extensions ['cmake', 'python']
[1.778s] Level 1:colcon.colcon_core.package_identification:_identify(/home/gotzi/work/robcup-sensors/src) by extension 'cmake'
[1.778s] Level 1:colcon.colcon_core.package_identification:_identify(/home/gotzi/work/robcup-sensors/src) by extension 'python'
[1.778s] Level 1:colcon.colcon_core.package_identification:_identify(/home/gotzi/work/robcup-sensors/src) by extensions ['python_setup_py']
[1.778s] Level 1:colcon.colcon_core.package_identification:_identify(/home/gotzi/work/robcup-sensors/src) by extension 'python_setup_py'
[1.778s] Level 1:colcon.colcon_core.package_identification:_identify(/home/gotzi/work/robcup-sensors/src/ros2-bno085) by extensions ['ignore', 'ignore_ament_install']
[1.779s] Level 1:colcon.colcon_core.package_identification:_identify(/home/gotzi/work/robcup-sensors/src/ros2-bno085) by extension 'ignore'
[1.779s] Level 1:colcon.colcon_core.package_identification:_identify(/home/gotzi/work/robcup-sensors/src/ros2-bno085) by extension 'ignore_ament_install'
[1.779s] Level 1:colcon.colcon_core.package_identification:_identify(/home/gotzi/work/robcup-sensors/src/ros2-bno085) by extensions ['colcon_pkg']
[1.779s] Level 1:colcon.colcon_core.package_identification:_identify(/home/gotzi/work/robcup-sensors/src/ros2-bno085) by extension 'colcon_pkg'
[1.779s] Level 1:colcon.colcon_core.package_identification:_identify(/home/gotzi/work/robcup-sensors/src/ros2-bno085) by extensions ['colcon_meta']
[1.779s] Level 1:colcon.colcon_core.package_identification:_identify(/home/gotzi/work/robcup-sensors/src/ros2-bno085) by extension 'colcon_meta'
[1.779s] Level 1:colcon.colcon_core.package_identification:_identify(/home/gotzi/work/robcup-sensors/src/ros2-bno085) by extensions ['ros']
[1.779s] Level 1:colcon.colcon_core.package_identification:_identify(/home/gotzi/work/robcup-sensors/src/ros2-bno085) by extension 'ros'
[1.781s] DEBUG:colcon.colcon_core.package_identification:Package '/home/gotzi/work/robcup-sensors/src/ros2-bno085' with type 'ros.ament_python' and name 'ros2-bno085'
[1.781s] Level 1:colcon.colcon_core.package_discovery:discover_packages(recursive) using defaults
